
> community@0.1.0 build-storybook
> storybook build --output-dir=/private/var/folders/lw/mv4dt1dj1xl4ppy6dsjcy6lc0000gn/T/chromatic--46139-4PwMZN31pvQQ

[1m@storybook/core v8.6.18
[22m
info => Cleaning outputDir: [36m../../../../private/var/folders/lw/mv4dt1dj1xl4ppy6dsjcy6lc0000gn/T/chromatic--46139-4PwMZN31pvQQ[39m
info => Loading presets
info => Building manager..
info => Manager built ([38;2;181;126;229m81 ms[39m)
info => Building preview..
info Using tsconfig paths for react-docgen
[36mvite v6.4.2 [32mbuilding for production...[36m[39m
transforming...
[32m✓[39m 172 modules transformed.
rendering chunks...
computing gzip size...
[2m../../../../private/var/folders/lw/mv4dt1dj1xl4ppy6dsjcy6lc0000gn/T/chromatic--46139-4PwMZN31pvQQ/[22m[32miframe.html                                       [39m[1m[2m 17.55 kB[22m[1m[22m[2m │ gzip:   4.98 kB[22m
[2m../../../../private/var/folders/lw/mv4dt1dj1xl4ppy6dsjcy6lc0000gn/T/chromatic--46139-4PwMZN31pvQQ/[22m[2massets/[22m[35mpreview-CvF15rMo.css                       [39m[1m[2m 13.34 kB[22m[1m[22m[2m │ gzip:   3.56 kB[22m
[2m../../../../private/var/folders/lw/mv4dt1dj1xl4ppy6dsjcy6lc0000gn/T/chromatic--46139-4PwMZN31pvQQ/[22m[2massets/[22m[36mpreview-sGVTDA_f.js                        [39m[1m[2m  0.11 kB[22m[1m[22m[2m │ gzip:   0.11 kB[22m
[2m../../../../private/var/folders/lw/mv4dt1dj1xl4ppy6dsjcy6lc0000gn/T/chromatic--46139-4PwMZN31pvQQ/[22m[2massets/[22m[36mpreview-CvbIS5ZJ.js                        [39m[1m[2m  0.18 kB[22m[1m[22m[2m │ gzip:   0.16 kB[22m
[2m../../../../private/var/folders/lw/mv4dt1dj1xl4ppy6dsjcy6lc0000gn/T/chromatic--46139-4PwMZN31pvQQ/[22m[2massets/[22m[36mindex-DHO77v_d.js                          [39m[1m[2m  0.42 kB[22m[1m[22m[2m │ gzip:   0.27 kB[22m
[2m../../../../private/var/folders/lw/mv4dt1dj1xl4ppy6dsjcy6lc0000gn/T/chromatic--46139-4PwMZN31pvQQ/[22m[2massets/[22m[36mchunk-XP5HYGXS-BHXC9YeQ.js                 [39m[1m[2m  0.71 kB[22m[1m[22m[2m │ gzip:   0.40 kB[22m
[2m../../../../private/var/folders/lw/mv4dt1dj1xl4ppy6dsjcy6lc0000gn/T/chromatic--46139-4PwMZN31pvQQ/[22m[2massets/[22m[36mpreview-DGUiP6tS.js                        [39m[1m[2m  0.71 kB[22m[1m[22m[2m │ gzip:   0.50 kB[22m
[2m../../../../private/var/folders/lw/mv4dt1dj1xl4ppy6dsjcy6lc0000gn/T/chromatic--46139-4PwMZN31pvQQ/[22m[2massets/[22m[36mjsx-runtime-D_zvdyIk.js                    [39m[1m[2m  0.73 kB[22m[1m[22m[2m │ gzip:   0.46 kB[22m
[2m../../../../private/var/folders/lw/mv4dt1dj1xl4ppy6dsjcy6lc0000gn/T/chromatic--46139-4PwMZN31pvQQ/[22m[2massets/[22m[36mindex-DrFu-skq.js                          [39m[1m[2m  0.77 kB[22m[1m[22m[2m │ gzip:   0.47 kB[22m
[2m../../../../private/var/folders/lw/mv4dt1dj1xl4ppy6dsjcy6lc0000gn/T/chromatic--46139-4PwMZN31pvQQ/[22m[2massets/[22m[36mreact-18-BeIp0fAf.js                       [39m[1m[2m  0.77 kB[22m[1m[22m[2m │ gzip:   0.46 kB[22m
[2m../../../../private/var/folders/lw/mv4dt1dj1xl4ppy6dsjcy6lc0000gn/T/chromatic--46139-4PwMZN31pvQQ/[22m[2massets/[22m[36mpreview-DPAjV_28.js                        [39m[1m[2m  0.87 kB[22m[1m[22m[2m │ gzip:   0.55 kB[22m
[2m../../../../private/var/folders/lw/mv4dt1dj1xl4ppy6dsjcy6lc0000gn/T/chromatic--46139-4PwMZN31pvQQ/[22m[2massets/[22m[36mLogo-B2digZIE.js                           [39m[1m[2m  0.87 kB[22m[1m[22m[2m │ gzip:   0.52 kB[22m
[2m../../../../private/var/folders/lw/mv4dt1dj1xl4ppy6dsjcy6lc0000gn/T/chromatic--46139-4PwMZN31pvQQ/[22m[2massets/[22m[36mtest-utils-BxnH6twK.js                     [39m[1m[2m  1.12 kB[22m[1m[22m[2m │ gzip:   0.69 kB[22m
[2m../../../../private/var/folders/lw/mv4dt1dj1xl4ppy6dsjcy6lc0000gn/T/chromatic--46139-4PwMZN31pvQQ/[22m[2massets/[22m[36mSortTabItem-D9e99Sdp.js                    [39m[1m[2m  1.19 kB[22m[1m[22m[2m │ gzip:   0.64 kB[22m
[2m../../../../private/var/folders/lw/mv4dt1dj1xl4ppy6dsjcy6lc0000gn/T/chromatic--46139-4PwMZN31pvQQ/[22m[2massets/[22m[36mPostWriteHeader-BH5N2fbG.js                [39m[1m[2m  1.22 kB[22m[1m[22m[2m │ gzip:   0.55 kB[22m
[2m../../../../private/var/folders/lw/mv4dt1dj1xl4ppy6dsjcy6lc0000gn/T/chromatic--46139-4PwMZN31pvQQ/[22m[2massets/[22m[36mLoginBottom-CQlTFxz2.js                    [39m[1m[2m  1.40 kB[22m[1m[22m[2m │ gzip:   0.57 kB[22m
[2m../../../../private/var/folders/lw/mv4dt1dj1xl4ppy6dsjcy6lc0000gn/T/chromatic--46139-4PwMZN31pvQQ/[22m[2massets/[22m[36mLoginsign-BQkeAsHR.js                      [39m[1m[2m  1.43 kB[22m[1m[22m[2m │ gzip:   0.75 kB[22m
[2m../../../../private/var/folders/lw/mv4dt1dj1xl4ppy6dsjcy6lc0000gn/T/chromatic--46139-4PwMZN31pvQQ/[22m[2massets/[22m[36mCodePreview-DGH13SOd.js                    [39m[1m[2m  1.43 kB[22m[1m[22m[2m │ gzip:   0.77 kB[22m
[2m../../../../private/var/folders/lw/mv4dt1dj1xl4ppy6dsjcy6lc0000gn/T/chromatic--46139-4PwMZN31pvQQ/[22m[2massets/[22m[36mDivider-j7YCgqLa.js                        [39m[1m[2m  1.44 kB[22m[1m[22m[2m │ gzip:   0.68 kB[22m
[2m../../../../private/var/folders/lw/mv4dt1dj1xl4ppy6dsjcy6lc0000gn/T/chromatic--46139-4PwMZN31pvQQ/[22m[2massets/[22m[36mSortTab-DXByX555.js                        [39m[1m[2m  1.48 kB[22m[1m[22m[2m │ gzip:   0.87 kB[22m
[2m../../../../private/var/folders/lw/mv4dt1dj1xl4ppy6dsjcy6lc0000gn/T/chromatic--46139-4PwMZN31pvQQ/[22m[2massets/[22m[36mLoginsign.stories-GlK3oQpN.js              [39m[1m[2m  1.57 kB[22m[1m[22m[2m │ gzip:   0.83 kB[22m
[2m../../../../private/var/folders/lw/mv4dt1dj1xl4ppy6dsjcy6lc0000gn/T/chromatic--46139-4PwMZN31pvQQ/[22m[2massets/[22m[36mLogo.stories-DhPP3384.js                   [39m[1m[2m  1.59 kB[22m[1m[22m[2m │ gzip:   0.77 kB[22m
[2m../../../../private/var/folders/lw/mv4dt1dj1xl4ppy6dsjcy6lc0000gn/T/chromatic--46139-4PwMZN31pvQQ/[22m[2massets/[22m[36mLoginsetup-DIGSjdl0.js                     [39m[1m[2m  1.62 kB[22m[1m[22m[2m │ gzip:   0.78 kB[22m
[2m../../../../private/var/folders/lw/mv4dt1dj1xl4ppy6dsjcy6lc0000gn/T/chromatic--46139-4PwMZN31pvQQ/[22m[2massets/[22m[36mCategory-Dj1RHyqF.js                       [39m[1m[2m  1.65 kB[22m[1m[22m[2m │ gzip:   0.79 kB[22m
[2m../../../../private/var/folders/lw/mv4dt1dj1xl4ppy6dsjcy6lc0000gn/T/chromatic--46139-4PwMZN31pvQQ/[22m[2massets/[22m[36mPostCardStats-D4Q5ILKz.js                  [39m[1m[2m  1.68 kB[22m[1m[22m[2m │ gzip:   0.62 kB[22m
[2m../../../../private/var/folders/lw/mv4dt1dj1xl4ppy6dsjcy6lc0000gn/T/chromatic--46139-4PwMZN31pvQQ/[22m[2massets/[22m[36mImagebig-BNuI379L.js                       [39m[1m[2m  1.68 kB[22m[1m[22m[2m │ gzip:   0.88 kB[22m
[2m../../../../private/var/folders/lw/mv4dt1dj1xl4ppy6dsjcy6lc0000gn/T/chromatic--46139-4PwMZN31pvQQ/[22m[2massets/[22m[36mDate-BSbZl4eI.js                           [39m[1m[2m  1.72 kB[22m[1m[22m[2m │ gzip:   0.85 kB[22m
[2m../../../../private/var/folders/lw/mv4dt1dj1xl4ppy6dsjcy6lc0000gn/T/chromatic--46139-4PwMZN31pvQQ/[22m[2massets/[22m[36mLogingoogle-CrCKozQ1.js                    [39m[1m[2m  1.77 kB[22m[1m[22m[2m │ gzip:   0.87 kB[22m
[2m../../../../private/var/folders/lw/mv4dt1dj1xl4ppy6dsjcy6lc0000gn/T/chromatic--46139-4PwMZN31pvQQ/[22m[2massets/[22m[36mChip-DvfS4LYN.js                           [39m[1m[2m  1.79 kB[22m[1m[22m[2m │ gzip:   0.85 kB[22m
[2m../../../../private/var/folders/lw/mv4dt1dj1xl4ppy6dsjcy6lc0000gn/T/chromatic--46139-4PwMZN31pvQQ/[22m[2massets/[22m[36mLoginBottom.stories-CNMyhrkD.js            [39m[1m[2m  1.85 kB[22m[1m[22m[2m │ gzip:   0.89 kB[22m
[2m../../../../private/var/folders/lw/mv4dt1dj1xl4ppy6dsjcy6lc0000gn/T/chromatic--46139-4PwMZN31pvQQ/[22m[2massets/[22m[36mSortTabItem.stories-Crcy8gEW.js            [39m[1m[2m  2.17 kB[22m[1m[22m[2m │ gzip:   0.89 kB[22m
[2m../../../../private/var/folders/lw/mv4dt1dj1xl4ppy6dsjcy6lc0000gn/T/chromatic--46139-4PwMZN31pvQQ/[22m[2massets/[22m[36mImagebig.stories-Br7wOpnr.js               [39m[1m[2m  2.22 kB[22m[1m[22m[2m │ gzip:   1.10 kB[22m
[2m../../../../private/var/folders/lw/mv4dt1dj1xl4ppy6dsjcy6lc0000gn/T/chromatic--46139-4PwMZN31pvQQ/[22m[2massets/[22m[36mPostCardStats.stories-DH_e9qMs.js          [39m[1m[2m  2.32 kB[22m[1m[22m[2m │ gzip:   1.00 kB[22m
[2m../../../../private/var/folders/lw/mv4dt1dj1xl4ppy6dsjcy6lc0000gn/T/chromatic--46139-4PwMZN31pvQQ/[22m[2massets/[22m[36mTitleInput-CZBeHmPY.js                     [39m[1m[2m  2.54 kB[22m[1m[22m[2m │ gzip:   1.18 kB[22m
[2m../../../../private/var/folders/lw/mv4dt1dj1xl4ppy6dsjcy6lc0000gn/T/chromatic--46139-4PwMZN31pvQQ/[22m[2massets/[22m[36mLoginsetup.stories-BvIXJ8qj.js             [39m[1m[2m  2.60 kB[22m[1m[22m[2m │ gzip:   1.20 kB[22m
[2m../../../../private/var/folders/lw/mv4dt1dj1xl4ppy6dsjcy6lc0000gn/T/chromatic--46139-4PwMZN31pvQQ/[22m[2massets/[22m[36mNavigationBar-CCQH88gB.js                  [39m[1m[2m  2.66 kB[22m[1m[22m[2m │ gzip:   1.10 kB[22m
[2m../../../../private/var/folders/lw/mv4dt1dj1xl4ppy6dsjcy6lc0000gn/T/chromatic--46139-4PwMZN31pvQQ/[22m[2massets/[22m[36mPostWriteHeader.stories-DKwk0fIn.js        [39m[1m[2m  2.78 kB[22m[1m[22m[2m │ gzip:   1.25 kB[22m
[2m../../../../private/var/folders/lw/mv4dt1dj1xl4ppy6dsjcy6lc0000gn/T/chromatic--46139-4PwMZN31pvQQ/[22m[2massets/[22m[36mPostFilterHeader.stories-WroVG4-X.js       [39m[1m[2m  2.81 kB[22m[1m[22m[2m │ gzip:   1.27 kB[22m
[2m../../../../private/var/folders/lw/mv4dt1dj1xl4ppy6dsjcy6lc0000gn/T/chromatic--46139-4PwMZN31pvQQ/[22m[2massets/[22m[36mPostFilterHeader-D6NRlFXr.js               [39m[1m[2m  2.81 kB[22m[1m[22m[2m │ gzip:   1.04 kB[22m
[2m../../../../private/var/folders/lw/mv4dt1dj1xl4ppy6dsjcy6lc0000gn/T/chromatic--46139-4PwMZN31pvQQ/[22m[2massets/[22m[36mLogingoogle.stories-D_LPDDX8.js            [39m[1m[2m  2.88 kB[22m[1m[22m[2m │ gzip:   1.23 kB[22m
[2m../../../../private/var/folders/lw/mv4dt1dj1xl4ppy6dsjcy6lc0000gn/T/chromatic--46139-4PwMZN31pvQQ/[22m[2massets/[22m[36mSearchbar-ClZBno8s.js                      [39m[1m[2m  2.89 kB[22m[1m[22m[2m │ gzip:   1.23 kB[22m
[2m../../../../private/var/folders/lw/mv4dt1dj1xl4ppy6dsjcy6lc0000gn/T/chromatic--46139-4PwMZN31pvQQ/[22m[2massets/[22m[36mCheckbox-BxfxADpK.js                       [39m[1m[2m  3.01 kB[22m[1m[22m[2m │ gzip:   1.37 kB[22m
[2m../../../../private/var/folders/lw/mv4dt1dj1xl4ppy6dsjcy6lc0000gn/T/chromatic--46139-4PwMZN31pvQQ/[22m[2massets/[22m[36mInput-Beckfz1K.js                          [39m[1m[2m  3.08 kB[22m[1m[22m[2m │ gzip:   1.17 kB[22m
[2m../../../../private/var/folders/lw/mv4dt1dj1xl4ppy6dsjcy6lc0000gn/T/chromatic--46139-4PwMZN31pvQQ/[22m[2massets/[22m[36mButton--KY-NJ4F.js                         [39m[1m[2m  3.14 kB[22m[1m[22m[2m │ gzip:   1.03 kB[22m
[2m../../../../private/var/folders/lw/mv4dt1dj1xl4ppy6dsjcy6lc0000gn/T/chromatic--46139-4PwMZN31pvQQ/[22m[2massets/[22m[36mPostCard-D_OXSlKf.js                       [39m[1m[2m  3.21 kB[22m[1m[22m[2m │ gzip:   1.09 kB[22m
[2m../../../../private/var/folders/lw/mv4dt1dj1xl4ppy6dsjcy6lc0000gn/T/chromatic--46139-4PwMZN31pvQQ/[22m[2massets/[22m[36mCategory.stories-B41zrm48.js               [39m[1m[2m  3.39 kB[22m[1m[22m[2m │ gzip:   1.23 kB[22m
[2m../../../../private/var/folders/lw/mv4dt1dj1xl4ppy6dsjcy6lc0000gn/T/chromatic--46139-4PwMZN31pvQQ/[22m[2massets/[22m[36mContentInputContainer-BkEut8UN.js          [39m[1m[2m  3.45 kB[22m[1m[22m[2m │ gzip:   1.24 kB[22m
[2m../../../../private/var/folders/lw/mv4dt1dj1xl4ppy6dsjcy6lc0000gn/T/chromatic--46139-4PwMZN31pvQQ/[22m[2massets/[22m[36mNavigationBar.stories-DGJE13sB.js          [39m[1m[2m  3.46 kB[22m[1m[22m[2m │ gzip:   1.31 kB[22m
[2m../../../../private/var/folders/lw/mv4dt1dj1xl4ppy6dsjcy6lc0000gn/T/chromatic--46139-4PwMZN31pvQQ/[22m[2massets/[22m[36mpreview-DD_OYowb.js                        [39m[1m[2m  3.51 kB[22m[1m[22m[2m │ gzip:   1.69 kB[22m
[2m../../../../private/var/folders/lw/mv4dt1dj1xl4ppy6dsjcy6lc0000gn/T/chromatic--46139-4PwMZN31pvQQ/[22m[2massets/[22m[36mDivider.stories-CPE7Z7Lk.js                [39m[1m[2m  3.53 kB[22m[1m[22m[2m │ gzip:   1.18 kB[22m
[2m../../../../private/var/folders/lw/mv4dt1dj1xl4ppy6dsjcy6lc0000gn/T/chromatic--46139-4PwMZN31pvQQ/[22m[2massets/[22m[36mSortTab.stories-D8CLh3Qs.js                [39m[1m[2m  3.65 kB[22m[1m[22m[2m │ gzip:   1.46 kB[22m
[2m../../../../private/var/folders/lw/mv4dt1dj1xl4ppy6dsjcy6lc0000gn/T/chromatic--46139-4PwMZN31pvQQ/[22m[2massets/[22m[36mSearchbar.stories-DBGOwy4_.js              [39m[1m[2m  3.66 kB[22m[1m[22m[2m │ gzip:   1.51 kB[22m
[2m../../../../private/var/folders/lw/mv4dt1dj1xl4ppy6dsjcy6lc0000gn/T/chromatic--46139-4PwMZN31pvQQ/[22m[2massets/[22m[36mImagesmall.stories-BdxseFGz.js             [39m[1m[2m  4.02 kB[22m[1m[22m[2m │ gzip:   1.85 kB[22m
[2m../../../../private/var/folders/lw/mv4dt1dj1xl4ppy6dsjcy6lc0000gn/T/chromatic--46139-4PwMZN31pvQQ/[22m[2massets/[22m[36mPostWritePage.stories-B8ov9mZD.js          [39m[1m[2m  4.09 kB[22m[1m[22m[2m │ gzip:   1.84 kB[22m
[2m../../../../private/var/folders/lw/mv4dt1dj1xl4ppy6dsjcy6lc0000gn/T/chromatic--46139-4PwMZN31pvQQ/[22m[2massets/[22m[36mChip.stories-DXn9Q27i.js                   [39m[1m[2m  4.10 kB[22m[1m[22m[2m │ gzip:   1.33 kB[22m
[2m../../../../private/var/folders/lw/mv4dt1dj1xl4ppy6dsjcy6lc0000gn/T/chromatic--46139-4PwMZN31pvQQ/[22m[2massets/[22m[36mButtonLarge.stories-C5WSxt2-.js            [39m[1m[2m  4.27 kB[22m[1m[22m[2m │ gzip:   1.48 kB[22m
[2m../../../../private/var/folders/lw/mv4dt1dj1xl4ppy6dsjcy6lc0000gn/T/chromatic--46139-4PwMZN31pvQQ/[22m[2massets/[22m[36mButtonSmall.stories-AxdBNvX-.js            [39m[1m[2m  4.27 kB[22m[1m[22m[2m │ gzip:   1.48 kB[22m
[2m../../../../private/var/folders/lw/mv4dt1dj1xl4ppy6dsjcy6lc0000gn/T/chromatic--46139-4PwMZN31pvQQ/[22m[2massets/[22m[36mButtonMedium.stories-CBgaX5g1.js           [39m[1m[2m  4.27 kB[22m[1m[22m[2m │ gzip:   1.48 kB[22m
[2m../../../../private/var/folders/lw/mv4dt1dj1xl4ppy6dsjcy6lc0000gn/T/chromatic--46139-4PwMZN31pvQQ/[22m[2massets/[22m[36mContentInputContainer.stories-BmATNnM6.js  [39m[1m[2m  4.40 kB[22m[1m[22m[2m │ gzip:   1.70 kB[22m
[2m../../../../private/var/folders/lw/mv4dt1dj1xl4ppy6dsjcy6lc0000gn/T/chromatic--46139-4PwMZN31pvQQ/[22m[2massets/[22m[36mPostCard.stories-C3RHCBgJ.js               [39m[1m[2m  4.57 kB[22m[1m[22m[2m │ gzip:   1.84 kB[22m
[2m../../../../private/var/folders/lw/mv4dt1dj1xl4ppy6dsjcy6lc0000gn/T/chromatic--46139-4PwMZN31pvQQ/[22m[2massets/[22m[36mDate.stories-4naaWhJW.js                   [39m[1m[2m  4.64 kB[22m[1m[22m[2m │ gzip:   1.62 kB[22m
[2m../../../../private/var/folders/lw/mv4dt1dj1xl4ppy6dsjcy6lc0000gn/T/chromatic--46139-4PwMZN31pvQQ/[22m[2massets/[22m[36mPostDetailPage.stories-DwU2b37s.js         [39m[1m[2m  4.75 kB[22m[1m[22m[2m │ gzip:   2.13 kB[22m
[2m../../../../private/var/folders/lw/mv4dt1dj1xl4ppy6dsjcy6lc0000gn/T/chromatic--46139-4PwMZN31pvQQ/[22m[2massets/[22m[36mLoginPage.stories-Ql812mKk.js              [39m[1m[2m  4.78 kB[22m[1m[22m[2m │ gzip:   1.89 kB[22m
[2m../../../../private/var/folders/lw/mv4dt1dj1xl4ppy6dsjcy6lc0000gn/T/chromatic--46139-4PwMZN31pvQQ/[22m[2massets/[22m[36mTitleInput.stories-Bx49Kf1U.js             [39m[1m[2m  4.91 kB[22m[1m[22m[2m │ gzip:   1.69 kB[22m
[2m../../../../private/var/folders/lw/mv4dt1dj1xl4ppy6dsjcy6lc0000gn/T/chromatic--46139-4PwMZN31pvQQ/[22m[2massets/[22m[36mpreview-B8lJiyuQ.js                        [39m[1m[2m  5.06 kB[22m[1m[22m[2m │ gzip:   1.88 kB[22m
[2m../../../../private/var/folders/lw/mv4dt1dj1xl4ppy6dsjcy6lc0000gn/T/chromatic--46139-4PwMZN31pvQQ/[22m[2massets/[22m[36mToolbar.stories-zmac-Mpm.js                [39m[1m[2m  5.88 kB[22m[1m[22m[2m │ gzip:   1.87 kB[22m
[2m../../../../private/var/folders/lw/mv4dt1dj1xl4ppy6dsjcy6lc0000gn/T/chromatic--46139-4PwMZN31pvQQ/[22m[2massets/[22m[36mIcon.stories-B0TW5yQ4.js                   [39m[1m[2m  6.38 kB[22m[1m[22m[2m │ gzip:   1.93 kB[22m
[2m../../../../private/var/folders/lw/mv4dt1dj1xl4ppy6dsjcy6lc0000gn/T/chromatic--46139-4PwMZN31pvQQ/[22m[2massets/[22m[36mCheckbox.stories-BS5HXxtM.js               [39m[1m[2m  6.97 kB[22m[1m[22m[2m │ gzip:   2.00 kB[22m
[2m../../../../private/var/folders/lw/mv4dt1dj1xl4ppy6dsjcy6lc0000gn/T/chromatic--46139-4PwMZN31pvQQ/[22m[2massets/[22m[36mpreview-BWzBA1C2.js                        [39m[1m[2m  7.62 kB[22m[1m[22m[2m │ gzip:   1.56 kB[22m
[2m../../../../private/var/folders/lw/mv4dt1dj1xl4ppy6dsjcy6lc0000gn/T/chromatic--46139-4PwMZN31pvQQ/[22m[2massets/[22m[36mButton.stories-BYSXBaro.js                 [39m[1m[2m  7.90 kB[22m[1m[22m[2m │ gzip:   2.27 kB[22m
[2m../../../../private/var/folders/lw/mv4dt1dj1xl4ppy6dsjcy6lc0000gn/T/chromatic--46139-4PwMZN31pvQQ/[22m[2massets/[22m[36mpreview-BBWR9nbA.js                        [39m[1m[2m  8.12 kB[22m[1m[22m[2m │ gzip:   3.10 kB[22m
[2m../../../../private/var/folders/lw/mv4dt1dj1xl4ppy6dsjcy6lc0000gn/T/chromatic--46139-4PwMZN31pvQQ/[22m[2massets/[22m[36mindex-DzGJhHoF.js                          [39m[1m[2m  8.37 kB[22m[1m[22m[2m │ gzip:   3.28 kB[22m
[2m../../../../private/var/folders/lw/mv4dt1dj1xl4ppy6dsjcy6lc0000gn/T/chromatic--46139-4PwMZN31pvQQ/[22m[2massets/[22m[36mChipArea.stories-D-xx5FCo.js               [39m[1m[2m  8.61 kB[22m[1m[22m[2m │ gzip:   2.75 kB[22m
[2m../../../../private/var/folders/lw/mv4dt1dj1xl4ppy6dsjcy6lc0000gn/T/chromatic--46139-4PwMZN31pvQQ/[22m[2massets/[22m[36mInput.stories-f6f5DUJD.js                  [39m[1m[2m  8.72 kB[22m[1m[22m[2m │ gzip:   2.66 kB[22m
[2m../../../../private/var/folders/lw/mv4dt1dj1xl4ppy6dsjcy6lc0000gn/T/chromatic--46139-4PwMZN31pvQQ/[22m[2massets/[22m[36mSpacing.stories-Cpepw9Jc.js                [39m[1m[2m  9.51 kB[22m[1m[22m[2m │ gzip:   2.07 kB[22m
[2m../../../../private/var/folders/lw/mv4dt1dj1xl4ppy6dsjcy6lc0000gn/T/chromatic--46139-4PwMZN31pvQQ/[22m[2massets/[22m[36mHomePage.stories-CT8sooMb.js               [39m[1m[2m 11.21 kB[22m[1m[22m[2m │ gzip:   2.57 kB[22m
[2m../../../../private/var/folders/lw/mv4dt1dj1xl4ppy6dsjcy6lc0000gn/T/chromatic--46139-4PwMZN31pvQQ/[22m[2massets/[22m[36mColors.stories-DrvCI19w.js                 [39m[1m[2m 13.00 kB[22m[1m[22m[2m │ gzip:   2.96 kB[22m
[2m../../../../private/var/folders/lw/mv4dt1dj1xl4ppy6dsjcy6lc0000gn/T/chromatic--46139-4PwMZN31pvQQ/[22m[2massets/[22m[36mIcon-cIpyFLHP.js                           [39m[1m[2m 15.54 kB[22m[1m[22m[2m │ gzip:   5.23 kB[22m
[2m../../../../private/var/folders/lw/mv4dt1dj1xl4ppy6dsjcy6lc0000gn/T/chromatic--46139-4PwMZN31pvQQ/[22m[2massets/[22m[36mTypography.stories-DuPanyue.js             [39m[1m[2m 20.72 kB[22m[1m[22m[2m │ gzip:   3.21 kB[22m
[2m../../../../private/var/folders/lw/mv4dt1dj1xl4ppy6dsjcy6lc0000gn/T/chromatic--46139-4PwMZN31pvQQ/[22m[2massets/[22m[36mColor-YHDXOIA2-D_4h5_uh.js                 [39m[1m[2m 29.32 kB[22m[1m[22m[2m │ gzip:  11.04 kB[22m
[2m../../../../private/var/folders/lw/mv4dt1dj1xl4ppy6dsjcy6lc0000gn/T/chromatic--46139-4PwMZN31pvQQ/[22m[2massets/[22m[36mentry-preview-DRoLWSLZ.js                  [39m[1m[2m 29.75 kB[22m[1m[22m[2m │ gzip:   9.52 kB[22m
[2m../../../../private/var/folders/lw/mv4dt1dj1xl4ppy6dsjcy6lc0000gn/T/chromatic--46139-4PwMZN31pvQQ/[22m[2massets/[22m[36mindex-DgH-xKnr.js                          [39m[1m[2m 57.15 kB[22m[1m[22m[2m │ gzip:  16.28 kB[22m
[2m../../../../private/var/folders/lw/mv4dt1dj1xl4ppy6dsjcy6lc0000gn/T/chromatic--46139-4PwMZN31pvQQ/[22m[2massets/[22m[36mclient-CN6oaCdP.js                         [39m[1m[2m184.90 kB[22m[1m[22m[2m │ gzip:  57.82 kB[22m
[2m../../../../private/var/folders/lw/mv4dt1dj1xl4ppy6dsjcy6lc0000gn/T/chromatic--46139-4PwMZN31pvQQ/[22m[2massets/[22m[36miframe-DMsw9YGQ.js                         [39m[1m[2m219.89 kB[22m[1m[22m[2m │ gzip:  73.66 kB[22m
[2m../../../../private/var/folders/lw/mv4dt1dj1xl4ppy6dsjcy6lc0000gn/T/chromatic--46139-4PwMZN31pvQQ/[22m[2massets/[22m[36mentry-preview-docs-CM8xCKX5.js             [39m[1m[2m247.08 kB[22m[1m[22m[2m │ gzip:  73.42 kB[22m
[2m../../../../private/var/folders/lw/mv4dt1dj1xl4ppy6dsjcy6lc0000gn/T/chromatic--46139-4PwMZN31pvQQ/[22m[2massets/[22m[36mindex-DH-M5T-F.js                          [39m[1m[33m662.49 kB[39m[22m[2m │ gzip: 157.07 kB[22m
[2m../../../../private/var/folders/lw/mv4dt1dj1xl4ppy6dsjcy6lc0000gn/T/chromatic--46139-4PwMZN31pvQQ/[22m[2massets/[22m[36mDocsRenderer-CFRXHY34-C0HsYLV6.js          [39m[1m[33m888.11 kB[39m[22m[2m │ gzip: 275.86 kB[22m
[32m✓ built in 2.22s[39m
info => Preview built ([38;2;181;126;229m2.76 s[39m)
info => Output directory: /private/var/folders/lw/mv4dt1dj1xl4ppy6dsjcy6lc0000gn/T/chromatic--46139-4PwMZN31pvQQ
